<?xml version="1.0" encoding="UTF-8"?>
<testsuite xmlns:xsi="http://www.w3.org/2001/XMLSchema-instance" xsi:noNamespaceSchemaLocation="https://maven.apache.org/surefire/maven-surefire-plugin/xsd/surefire-test-report.xsd" name="gov.va.api.lighthouse.facilities.api.v0.ReloadResponseTest" time="0.564" tests="2" errors="0" skipped="0" failures="0">
  <properties>
[...]
</properties>
  <testcase name="startReloadResponse" classname="gov.va.api.lighthouse.facilities.api.v0.ReloadResponseTest" time="0.035"/>
  <testcase name="reloadMarkCompleted" classname="gov.va.api.lighthouse.facilities.api.v0.ReloadResponseTest" time="0.527"/>
</testsuite>