<?xml version="1.0" encoding="UTF-8" standalone="yes"?><!DOCTYPE report PUBLIC "-//JACOCO//DTD Report 1.1//EN" "report.dtd"><report name="facilities-api"><sessioninfo id="DESKTOP-A300CFP-9cf76e87" start="1623698667955" dump="1623698673873"/><package name="gov/va/api/lighthouse/facilities/api/pssg"><class name="gov/va/api/lighthouse/facilities/api/pssg/BandResult" sourcefilename="BandResult.java"/><class name="gov/va/api/lighthouse/facilities/api/pssg/PssgDriveTimeBand" sourcefilename="PssgDriveTimeBand.java"><method name="coord" desc="(DD)Ljava/util/List;" line="32"><counter type="INSTRUCTION" missed="0" covered="6"/><counter type="LINE" missed="0" covered="1"/><counter type="COMPLEXITY" missed="0" covered="1"/><counter type="METHOD" missed="0" covered="1"/></method><method name="newListOfRings" desc="()Ljava/util/List;" line="37"><counter type="INSTRUCTION" missed="0" covered="4"/><counter type="LINE" missed="0" covered="1"/><counter type="COMPLEXITY" missed="0" covered="1"/><counter type="METHOD" missed="0" covered="1"/></method><method name="newRing" desc="(I)Ljava/util/List;" line="42"><counter type="INSTRUCTION" missed="0" covered="5"/><counter type="LINE" missed="0" covered="1"/><counter type="COMPLEXITY" missed="0" covered="1"/><counter type="METHOD" missed="0" covered="1"/></method><counter type="INSTRUCTION" missed="0" covered="15"/><counter type="LINE" missed="0" covered="3"/><counter type="COMPLEXITY" missed="0" covered="3"/><counter type="METHOD" missed="0" covered="3"/><counter type="CLASS" missed="0" covered="1"/></class><class name="gov/va/api/lighthouse/facilities/api/pssg/PssgDriveTimeBand$PssgDriveTimeBandBuilder" sourcefilename="PssgDriveTimeBand.java"/><class name="gov/va/api/lighthouse/facilities/api/pssg/PathEncoder" sourcefilename="PathEncoder.java"><method name="scale" desc="(D)I" line="60"><counter type="INSTRUCTION" missed="0" covered="6"/><counter type="LINE" missed="0" covered="1"/><counter type="COMPLEXITY" missed="0" covered="1"/><counter type="METHOD" missed="0" covered="1"/></method><method name="unscale" desc="(I)D" line="64"><counter type="INSTRUCTION" missed="0" covered="6"/><counter type="LINE" missed="0" covered="1"/><counter type="COMPLEXITY" missed="0" covered="1"/><counter type="METHOD" missed="0" covered="1"/></method><method name="check" desc="(ZLjava/lang/String;)V" line="68"><counter type="INSTRUCTION" missed="5" covered="3"/><counter type="BRANCH" missed="1" covered="1"/><counter type="LINE" missed="1" covered="2"/><counter type="COMPLEXITY" missed="1" covered="1"/><counter type="METHOD" missed="0" covered="1"/></method><method name="compress" desc="([B)[B" line="74"><counter type="INSTRUCTION" missed="0" covered="21"/><counter type="LINE" missed="0" covered="6"/><counter type="COMPLEXITY" missed="0" covered="1"/><counter type="METHOD" missed="0" covered="1"/></method><method name="decode" desc="([B)Ljava/awt/geom/Path2D;" line="83"><counter type="INSTRUCTION" missed="4" covered="92"/><counter type="BRANCH" missed="4" covered="10"/><counter type="LINE" missed="0" covered="20"/><counter type="COMPLEXITY" missed="4" covered="4"/><counter type="METHOD" missed="0" covered="1"/></method><method name="decodeFromBase64" desc="(Ljava/lang/String;)Ljava/awt/geom/Path2D;" line="120"><counter type="INSTRUCTION" missed="5" covered="8"/><counter type="BRANCH" missed="1" covered="1"/><counter type="LINE" missed="0" covered="2"/><counter type="COMPLEXITY" missed="1" covered="1"/><counter type="METHOD" missed="0" covered="1"/></method><method name="decompress" desc="([B)[B" line="124"><counter type="INSTRUCTION" missed="3" covered="23"/><counter type="LINE" missed="1" covered="6"/><counter type="COMPLEXITY" missed="0" covered="1"/><counter type="METHOD" missed="0" covered="1"/></method><method name="encode" desc="(Lgov/va/api/lighthouse/facilities/api/pssg/PssgDriveTimeBand;)[B" line="138"><counter type="INSTRUCTION" missed="5" covered="33"/><counter type="BRANCH" missed="1" covered="1"/><counter type="LINE" missed="0" covered="9"/><counter type="COMPLEXITY" missed="1" covered="1"/><counter type="METHOD" missed="0" covered="1"/></method><method name="encodeToBase64" desc="(Lgov/va/api/lighthouse/facilities/api/pssg/PssgDriveTimeBand;)Ljava/lang/String;" line="164"><counter type="INSTRUCTION" missed="5" covered="8"/><counter type="BRANCH" missed="1" covered="1"/><counter type="LINE" missed="0" covered="2"/><counter type="COMPLEXITY" missed="1" covered="1"/><counter type="METHOD" missed="0" covered="1"/></method><method name="sizeOf" desc="(Lgov/va/api/lighthouse/facilities/api/pssg/PssgDriveTimeBand;)I" line="170"><counter type="INSTRUCTION" missed="0" covered="17"/><counter type="LINE" missed="0" covered="2"/><counter type="COMPLEXITY" missed="0" covered="1"/><counter type="METHOD" missed="0" covered="1"/></method><method name="sizeOfRing" desc="(Ljava/util/List;)I" line="177"><counter type="INSTRUCTION" missed="0" covered="9"/><counter type="LINE" missed="0" covered="1"/><counter type="COMPLEXITY" missed="0" covered="1"/><counter type="METHOD" missed="0" covered="1"/></method><method name="lambda$encode$1" desc="(Ljava/nio/ByteBuffer;Ljava/util/List;)V" line="151"><counter type="INSTRUCTION" missed="0" covered="10"/><counter type="LINE" missed="0" covered="3"/><counter type="COMPLEXITY" missed="0" covered="1"/><counter type="METHOD" missed="0" covered="1"/></method><method name="lambda$encode$0" desc="(Ljava/nio/ByteBuffer;Ljava/util/List;)V" line="154"><counter type="INSTRUCTION" missed="0" covered="23"/><counter type="LINE" missed="0" covered="5"/><counter type="COMPLEXITY" missed="0" covered="1"/><counter type="METHOD" missed="0" covered="1"/></method><method name="&lt;clinit&gt;" desc="()V" line="42"><counter type="INSTRUCTION" missed="0" covered="9"/><counter type="LINE" missed="0" covered="4"/><counter type="COMPLEXITY" missed="0" covered="1"/><counter type="METHOD" missed="0" covered="1"/></method><counter type="INSTRUCTION" missed="27" covered="268"/><counter type="BRANCH" missed="8" covered="14"/><counter type="LINE" missed="2" covered="64"/><counter type="COMPLEXITY" missed="8" covered="17"/><counter type="METHOD" missed="0" covered="14"/><counter type="CLASS" missed="0" covered="1"/></class><class name="gov/va/api/lighthouse/facilities/api/pssg/PathEncoder$PathEncodingException" sourcefilename="PathEncoder.java"><method name="&lt;init&gt;" desc="(Ljava/lang/String;)V" line="183"><counter type="INSTRUCTION" missed="4" covered="0"/><counter type="LINE" missed="2" covered="0"/><counter type="COMPLEXITY" missed="1" covered="0"/><counter type="METHOD" missed="1" covered="0"/></method><counter type="INSTRUCTION" missed="4" covered="0"/><counter type="LINE" missed="2" covered="0"/><counter type="COMPLEXITY" missed="1" covered="0"/><counter type="METHOD" missed="1" covered="0"/><counter type="CLASS" missed="1" covered="0"/></class><class name="gov/va/api/lighthouse/facilities/api/pssg/PssgResponse" sourcefilename="PssgResponse.java"/><class name="gov/va/api/lighthouse/facilities/api/pssg/PssgDriveTimeBand$Attributes$AttributesBuilder" sourcefilename="PssgDriveTimeBand.java"/><class name="gov/va/api/lighthouse/facilities/api/pssg/PssgDriveTimeBand$Attributes" sourcefilename="PssgDriveTimeBand.java"/><class name="gov/va/api/lighthouse/facilities/api/pssg/PssgResponse$PssgResponseBuilder" sourcefilename="PssgResponse.java"/><class name="gov/va/api/lighthouse/facilities/api/pssg/BandUpdateResponse$BandUpdateResponseBuilder" sourcefilename="BandUpdateResponse.java"/><class name="gov/va/api/lighthouse/facilities/api/pssg/PssgDriveTimeBand$Geometry" sourcefilename="PssgDriveTimeBand.java"/><class name="gov/va/api/lighthouse/facilities/api/pssg/BandResult$BandResultBuilder" sourcefilename="BandResult.java"/><class name="gov/va/api/lighthouse/facilities/api/pssg/PssgDriveTimeBand$Geometry$GeometryBuilder" sourcefilename="PssgDriveTimeBand.java"/><class name="gov/va/api/lighthouse/facilities/api/pssg/BandUpdateResponse" sourcefilename="BandUpdateResponse.java"/><sourcefile name="PathEncoder.java"><line nr="42" mi="0" ci="2" mb="0" cb="0"/><line nr="45" mi="0" ci="2" mb="0" cb="0"/><line nr="51" mi="0" ci="2" mb="0" cb="0"/><line nr="57" mi="0" ci="3" mb="0" cb="0"/><line nr="60" mi="0" ci="6" mb="0" cb="0"/><line nr="64" mi="0" ci="6" mb="0" cb="0"/><line nr="68" mi="0" ci="2" mb="1" cb="1"/><line nr="69" mi="5" ci="0" mb="0" cb="0"/><line nr="71" mi="0" ci="1" mb="0" cb="0"/><line nr="74" mi="0" ci="4" mb="0" cb="0"/><line nr="75" mi="0" ci="3" mb="0" cb="0"/><line nr="76" mi="0" ci="2" mb="0" cb="0"/><line nr="77" mi="0" ci="4" mb="0" cb="0"/><line nr="78" mi="0" ci="4" mb="0" cb="0"/><line nr="79" mi="0" ci="4" mb="0" cb="0"/><line nr="83" mi="0" ci="4" mb="0" cb="0"/><line nr="84" mi="0" ci="3" mb="0" cb="0"/><line nr="85" mi="1" ci="9" mb="1" cb="1"/><line nr="86" mi="1" ci="9" mb="1" cb="1"/><line nr="92" mi="0" ci="3" mb="0" cb="0"/><line nr="93" mi="1" ci="7" mb="1" cb="1"/><line nr="94" mi="0" ci="4" mb="0" cb="0"/><line nr="95" mi="0" ci="7" mb="0" cb="2"/><line nr="96" mi="0" ci="3" mb="0" cb="0"/><line nr="97" mi="1" ci="9" mb="1" cb="1"/><line nr="100" mi="0" ci="7" mb="0" cb="2"/><line nr="101" mi="0" ci="3" mb="0" cb="0"/><line nr="102" mi="0" ci="3" mb="0" cb="0"/><line nr="103" mi="0" ci="3" mb="0" cb="0"/><line nr="104" mi="0" ci="3" mb="0" cb="0"/><line nr="105" mi="0" ci="2" mb="0" cb="2"/><line nr="106" mi="0" ci="5" mb="0" cb="0"/><line nr="108" mi="0" ci="4" mb="0" cb="0"/><line nr="111" mi="0" ci="2" mb="0" cb="0"/><line nr="113" mi="0" ci="2" mb="0" cb="0"/><line nr="120" mi="5" ci="2" mb="1" cb="1"/><line nr="121" mi="0" ci="6" mb="0" cb="0"/><line nr="124" mi="3" ci="0" mb="0" cb="0"/><line nr="130" mi="0" ci="6" mb="0" cb="0"/><line nr="131" mi="0" ci="4" mb="0" cb="0"/><line nr="132" mi="0" ci="3" mb="0" cb="0"/><line nr="133" mi="0" ci="4" mb="0" cb="0"/><line nr="134" mi="0" ci="2" mb="0" cb="0"/><line nr="135" mi="0" ci="4" mb="0" cb="0"/><line nr="138" mi="5" ci="2" mb="1" cb="1"/><line nr="139" mi="0" ci="5" mb="0" cb="0"/><line nr="140" mi="0" ci="4" mb="0" cb="0"/><line nr="141" mi="0" ci="4" mb="0" cb="0"/><line nr="146" mi="0" ci="7" mb="0" cb="0"/><line nr="147" mi="0" ci="2" mb="0" cb="0"/><line nr="148" mi="0" ci="3" mb="0" cb="0"/><line nr="149" mi="0" ci="1" mb="0" cb="0"/><line nr="151" mi="0" ci="5" mb="0" cb="0"/><line nr="152" mi="0" ci="4" mb="0" cb="0"/><line nr="154" mi="0" ci="7" mb="0" cb="0"/><line nr="155" mi="0" ci="7" mb="0" cb="0"/><line nr="156" mi="0" ci="4" mb="0" cb="0"/><line nr="157" mi="0" ci="4" mb="0" cb="0"/><line nr="158" mi="0" ci="1" mb="0" cb="0"/><line nr="159" mi="0" ci="1" mb="0" cb="0"/><line nr="160" mi="0" ci="5" mb="0" cb="0"/><line nr="164" mi="5" ci="2" mb="1" cb="1"/><line nr="165" mi="0" ci="6" mb="0" cb="0"/><line nr="170" mi="0" ci="9" mb="0" cb="0"/><line nr="172" mi="0" ci="8" mb="0" cb="0"/><line nr="177" mi="0" ci="9" mb="0" cb="0"/><line nr="183" mi="3" ci="0" mb="0" cb="0"/><line nr="184" mi="1" ci="0" mb="0" cb="0"/><counter type="INSTRUCTION" missed="31" covered="268"/><counter type="BRANCH" missed="8" covered="14"/><counter type="LINE" missed="4" covered="64"/><counter type="COMPLEXITY" missed="9" covered="17"/><counter type="METHOD" missed="1" covered="14"/><counter type="CLASS" missed="1" covered="1"/></sourcefile><sourcefile name="BandResult.java"/><sourcefile name="PssgResponse.java"/><sourcefile name="PssgDriveTimeBand.java"><line nr="32" mi="0" ci="6" mb="0" cb="0"/><line nr="37" mi="0" ci="4" mb="0" cb="0"/><line nr="42" mi="0" ci="5" mb="0" cb="0"/><counter type="INSTRUCTION" missed="0" covered="15"/><counter type="LINE" missed="0" covered="3"/><counter type="COMPLEXITY" missed="0" covered="3"/><counter type="METHOD" missed="0" covered="3"/><counter type="CLASS" missed="0" covered="1"/></sourcefile><sourcefile name="BandUpdateResponse.java"/><counter type="INSTRUCTION" missed="31" covered="283"/><counter type="BRANCH" missed="8" covered="14"/><counter type="LINE" missed="4" covered="67"/><counter type="COMPLEXITY" missed="9" covered="20"/><counter type="METHOD" missed="1" covered="17"/><counter type="CLASS" missed="1" covered="2"/></package><package name="gov/va/api/lighthouse/facilities/api/cms"><class name="gov/va/api/lighthouse/facilities/api/cms/DetailedService$AppointmentPhoneNumber" sourcefilename="DetailedService.java"/><class name="gov/va/api/lighthouse/facilities/api/cms/DetailedService$DetailedServiceHours$DetailedServiceHoursBuilder" sourcefilename="DetailedService.java"/><class name="gov/va/api/lighthouse/facilities/api/cms/DetailedService$DetailedServiceAddress$DetailedServiceAddressBuilder" sourcefilename="DetailedService.java"/><class name="gov/va/api/lighthouse/facilities/api/cms/DetailedService$DetailedServiceEmailContact" sourcefilename="DetailedService.java"/><class name="gov/va/api/lighthouse/facilities/api/cms/DetailedService$DetailedServiceBuilder" sourcefilename="DetailedService.java"/><class name="gov/va/api/lighthouse/facilities/api/cms/DetailedService$DetailedServiceEmailContact$DetailedServiceEmailContactBuilder" sourcefilename="DetailedService.java"/><class name="gov/va/api/lighthouse/facilities/api/cms/DetailedService$AppointmentPhoneNumber$AppointmentPhoneNumberBuilder" sourcefilename="DetailedService.java"/><class name="gov/va/api/lighthouse/facilities/api/cms/CmsOverlay$CmsOverlayBuilder" sourcefilename="CmsOverlay.java"/><class name="gov/va/api/lighthouse/facilities/api/cms/DetailedService$DetailedServiceHours" sourcefilename="DetailedService.java"/><class name="gov/va/api/lighthouse/facilities/api/cms/CmsOverlay" sourcefilename="CmsOverlay.java"/><class name="gov/va/api/lighthouse/facilities/api/cms/DetailedService" sourcefilename="DetailedService.java"/><class name="gov/va/api/lighthouse/facilities/api/cms/DetailedService$DetailedServiceAddress" sourcefilename="DetailedService.java"/><class name="gov/va/api/lighthouse/facilities/api/cms/DetailedService$DetailedServiceLocation$DetailedServiceLocationBuilder" sourcefilename="DetailedService.java"/><class name="gov/va/api/lighthouse/facilities/api/cms/DetailedService$DetailedServiceLocation" sourcefilename="DetailedService.java"/><sourcefile name="CmsOverlay.java"/><sourcefile name="DetailedService.java"/></package><package name="gov/va/api/lighthouse/facilities/api/v0"><class name="gov/va/api/lighthouse/facilities/api/v0/Facility$Services$ServicesBuilder" sourcefilename="Facility.java"/><class name="gov/va/api/lighthouse/facilities/api/v0/ReloadResponse$Timing$TimingBuilder" sourcefilename="ReloadResponse.java"/><class name="gov/va/api/lighthouse/facilities/api/v0/Facility$Addresses$AddressesBuilder" sourcefilename="Facility.java"/><class name="gov/va/api/lighthouse/facilities/api/v0/ApiError$ErrorMessage" sourcefilename="ApiError.java"/><class name="gov/va/api/lighthouse/facilities/api/v0/FacilitiesResponse$FacilitiesMetadata" sourcefilename="FacilitiesResponse.java"/><class name="gov/va/api/lighthouse/facilities/api/v0/Facility$PatientWaitTime$PatientWaitTimeBuilder" sourcefilename="Facility.java"/><class name="gov/va/api/lighthouse/facilities/api/v0/ReloadResponse$Timing" sourcefilename="ReloadResponse.java"><method name="markComplete" desc="()V" line="77"><counter type="INSTRUCTION" missed="0" covered="11"/><counter type="LINE" missed="0" covered="3"/><counter type="COMPLEXITY" missed="0" covered="1"/><counter type="METHOD" missed="0" covered="1"/></method><method name="markCompleteCollection" desc="()V" line="83"><counter type="INSTRUCTION" missed="0" covered="4"/><counter type="LINE" missed="0" covered="2"/><counter type="COMPLEXITY" missed="0" covered="1"/><counter type="METHOD" missed="0" covered="1"/></method><counter type="INSTRUCTION" missed="0" covered="15"/><counter type="LINE" missed="0" covered="5"/><counter type="COMPLEXITY" missed="0" covered="2"/><counter type="METHOD" missed="0" covered="2"/><counter type="CLASS" missed="0" covered="1"/></class><class name="gov/va/api/lighthouse/facilities/api/v0/Facility$FacilityAttributes" sourcefilename="Facility.java"/><class name="gov/va/api/lighthouse/facilities/api/v0/Facility$Hours" sourcefilename="Facility.java"/><class name="gov/va/api/lighthouse/facilities/api/v0/Facility$Address" sourcefilename="Facility.java"/><class name="gov/va/api/lighthouse/facilities/api/v0/NearbyResponse$NearbyAttributes" sourcefilename="NearbyResponse.java"/><class name="gov/va/api/lighthouse/facilities/api/v0/FacilitiesIdsResponse$FacilitiesIdsResponseBuilder" sourcefilename="FacilitiesIdsResponse.java"/><class name="gov/va/api/lighthouse/facilities/api/v0/Facility$Type" sourcefilename="Facility.java"><method name="&lt;clinit&gt;" desc="()V" line="88"><counter type="INSTRUCTION" missed="0" covered="9"/><counter type="LINE" missed="0" covered="2"/><counter type="COMPLEXITY" missed="0" covered="1"/><counter type="METHOD" missed="0" covered="1"/></method><counter type="INSTRUCTION" missed="0" covered="9"/><counter type="LINE" missed="0" covered="2"/><counter type="COMPLEXITY" missed="0" covered="1"/><counter type="METHOD" missed="0" covered="1"/><counter type="CLASS" missed="0" covered="1"/></class><class name="gov/va/api/lighthouse/facilities/api/v0/Facility$WaitTimes" sourcefilename="Facility.java"/><class name="gov/va/api/lighthouse/facilities/api/v0/Facility$HealthService" sourcefilename="Facility.java"><method name="&lt;clinit&gt;" desc="()V" line="61"><counter type="INSTRUCTION" missed="0" covered="123"/><counter type="LINE" missed="0" covered="21"/><counter type="COMPLEXITY" missed="0" covered="1"/><counter type="METHOD" missed="0" covered="1"/></method><counter type="INSTRUCTION" missed="0" covered="123"/><counter type="LINE" missed="0" covered="21"/><counter type="COMPLEXITY" missed="0" covered="1"/><counter type="METHOD" missed="0" covered="1"/><counter type="CLASS" missed="0" covered="1"/></class><class name="gov/va/api/lighthouse/facilities/api/v0/Facility$ServiceType" sourcefilename="Facility.java"/><class name="gov/va/api/lighthouse/facilities/api/v0/FacilitiesResponse$Distance$DistanceBuilder" sourcefilename="FacilitiesResponse.java"/><class name="gov/va/api/lighthouse/facilities/api/v0/ReloadResponse$Problem" sourcefilename="ReloadResponse.java"/><class name="gov/va/api/lighthouse/facilities/api/v0/FacilitiesResponse" sourcefilename="FacilitiesResponse.java"/><class name="gov/va/api/lighthouse/facilities/api/v0/ReloadResponse$Problem$ProblemBuilder" sourcefilename="ReloadResponse.java"/><class name="gov/va/api/lighthouse/facilities/api/v0/Facility$Addresses" sourcefilename="Facility.java"/><class name="gov/va/api/lighthouse/facilities/api/v0/Facility$PatientSatisfaction" sourcefilename="Facility.java"/><class name="gov/va/api/lighthouse/facilities/api/v0/ReloadResponse$ReloadResponseBuilder" sourcefilename="ReloadResponse.java"/><class name="gov/va/api/lighthouse/facilities/api/v0/Pagination$PaginationBuilder" sourcefilename="Pagination.java"/><class name="gov/va/api/lighthouse/facilities/api/v0/Facility$PatientSatisfaction$PatientSatisfactionBuilder" sourcefilename="Facility.java"/><class name="gov/va/api/lighthouse/facilities/api/v0/Facility$ActiveStatus" sourcefilename="Facility.java"><method name="&lt;clinit&gt;" desc="()V" line="30"><counter type="INSTRUCTION" missed="0" covered="15"/><counter type="LINE" missed="0" covered="3"/><counter type="COMPLEXITY" missed="0" covered="1"/><counter type="METHOD" missed="0" covered="1"/></method><counter type="INSTRUCTION" missed="0" covered="15"/><counter type="LINE" missed="0" covered="3"/><counter type="COMPLEXITY" missed="0" covered="1"/><counter type="METHOD" missed="0" covered="1"/><counter type="CLASS" missed="0" covered="1"/></class><class name="gov/va/api/lighthouse/facilities/api/v0/Facility$FacilityBuilder" sourcefilename="Facility.java"/><class name="gov/va/api/lighthouse/facilities/api/v0/Facility$Phone$PhoneBuilder" sourcefilename="Facility.java"/><class name="gov/va/api/lighthouse/facilities/api/v0/GeoFacilitiesResponse" sourcefilename="GeoFacilitiesResponse.java"/><class name="gov/va/api/lighthouse/facilities/api/v0/GeoFacility$Geometry$GeometryBuilder" sourcefilename="GeoFacility.java"/><class name="gov/va/api/lighthouse/facilities/api/v0/Facility$Satisfaction$SatisfactionBuilder" sourcefilename="Facility.java"/><class name="gov/va/api/lighthouse/facilities/api/v0/FacilitiesResponse$Distance" sourcefilename="FacilitiesResponse.java"/><class name="gov/va/api/lighthouse/facilities/api/v0/PageLinks$PageLinksBuilder" sourcefilename="PageLinks.java"/><class name="gov/va/api/lighthouse/facilities/api/v0/Facility$PatientWaitTime" sourcefilename="Facility.java"/><class name="gov/va/api/lighthouse/facilities/api/v0/NearbyResponse" sourcefilename="NearbyResponse.java"/><class name="gov/va/api/lighthouse/facilities/api/v0/Facility$WaitTimes$WaitTimesBuilder" sourcefilename="Facility.java"/><class name="gov/va/api/lighthouse/facilities/api/v0/NearbyResponse$Nearby" sourcefilename="NearbyResponse.java"/><class name="gov/va/api/lighthouse/facilities/api/v0/PageLinks" sourcefilename="PageLinks.java"/><class name="gov/va/api/lighthouse/facilities/api/v0/ApiError$ErrorMessage$ErrorMessageBuilder" sourcefilename="ApiError.java"/><class name="gov/va/api/lighthouse/facilities/api/v0/Facility$Satisfaction" sourcefilename="Facility.java"/><class name="gov/va/api/lighthouse/facilities/api/v0/Facility$OperatingStatus$OperatingStatusBuilder" sourcefilename="Facility.java"/><class name="gov/va/api/lighthouse/facilities/api/v0/Facility$Hours$HoursBuilder" sourcefilename="Facility.java"><method name="fri" desc="(Ljava/lang/String;)Lgov/va/api/lighthouse/facilities/api/v0/Facility$Hours$HoursBuilder;" line="298"><counter type="INSTRUCTION" missed="0" covered="4"/><counter type="LINE" missed="0" covered="1"/><counter type="COMPLEXITY" missed="0" covered="1"/><counter type="METHOD" missed="0" covered="1"/></method><method name="mon" desc="(Ljava/lang/String;)Lgov/va/api/lighthouse/facilities/api/v0/Facility$Hours$HoursBuilder;" line="303"><counter type="INSTRUCTION" missed="0" covered="4"/><counter type="LINE" missed="0" covered="1"/><counter type="COMPLEXITY" missed="0" covered="1"/><counter type="METHOD" missed="0" covered="1"/></method><method name="sat" desc="(Ljava/lang/String;)Lgov/va/api/lighthouse/facilities/api/v0/Facility$Hours$HoursBuilder;" line="308"><counter type="INSTRUCTION" missed="0" covered="4"/><counter type="LINE" missed="0" covered="1"/><counter type="COMPLEXITY" missed="0" covered="1"/><counter type="METHOD" missed="0" covered="1"/></method><method name="sun" desc="(Ljava/lang/String;)Lgov/va/api/lighthouse/facilities/api/v0/Facility$Hours$HoursBuilder;" line="313"><counter type="INSTRUCTION" missed="0" covered="4"/><counter type="LINE" missed="0" covered="1"/><counter type="COMPLEXITY" missed="0" covered="1"/><counter type="METHOD" missed="0" covered="1"/></method><method name="thurs" desc="(Ljava/lang/String;)Lgov/va/api/lighthouse/facilities/api/v0/Facility$Hours$HoursBuilder;" line="318"><counter type="INSTRUCTION" missed="0" covered="4"/><counter type="LINE" missed="0" covered="1"/><counter type="COMPLEXITY" missed="0" covered="1"/><counter type="METHOD" missed="0" covered="1"/></method><method name="tues" desc="(Ljava/lang/String;)Lgov/va/api/lighthouse/facilities/api/v0/Facility$Hours$HoursBuilder;" line="323"><counter type="INSTRUCTION" missed="0" covered="4"/><counter type="LINE" missed="0" covered="1"/><counter type="COMPLEXITY" missed="0" covered="1"/><counter type="METHOD" missed="0" covered="1"/></method><method name="wed" desc="(Ljava/lang/String;)Lgov/va/api/lighthouse/facilities/api/v0/Facility$Hours$HoursBuilder;" line="328"><counter type="INSTRUCTION" missed="0" covered="4"/><counter type="LINE" missed="0" covered="1"/><counter type="COMPLEXITY" missed="0" covered="1"/><counter type="METHOD" missed="0" covered="1"/></method><counter type="INSTRUCTION" missed="0" covered="28"/><counter type="LINE" missed="0" covered="7"/><counter type="COMPLEXITY" missed="0" covered="7"/><counter type="METHOD" missed="0" covered="7"/><counter type="CLASS" missed="0" covered="1"/></class><class name="gov/va/api/lighthouse/facilities/api/v0/NearbyResponse$Type" sourcefilename="NearbyResponse.java"><method name="&lt;clinit&gt;" desc="()V" line="23"><counter type="INSTRUCTION" missed="0" covered="9"/><counter type="LINE" missed="0" covered="2"/><counter type="COMPLEXITY" missed="0" covered="1"/><counter type="METHOD" missed="0" covered="1"/></method><counter type="INSTRUCTION" missed="0" covered="9"/><counter type="LINE" missed="0" covered="2"/><counter type="COMPLEXITY" missed="0" covered="1"/><counter type="METHOD" missed="0" covered="1"/><counter type="CLASS" missed="0" covered="1"/></class><class name="gov/va/api/lighthouse/facilities/api/v0/ApiError" sourcefilename="ApiError.java"/><class name="gov/va/api/lighthouse/facilities/api/v0/Pagination" sourcefilename="Pagination.java"/><class name="gov/va/api/lighthouse/facilities/api/v0/GenericError" sourcefilename="GenericError.java"/><class name="gov/va/api/lighthouse/facilities/api/v0/NearbyResponse$NearbyResponseBuilder" sourcefilename="NearbyResponse.java"/><class name="gov/va/api/lighthouse/facilities/api/v0/Facility$FacilityAttributes$FacilityAttributesBuilder" sourcefilename="Facility.java"><method name="instructions" desc="(Ljava/lang/String;)Lgov/va/api/lighthouse/facilities/api/v0/Facility$FacilityAttributes$FacilityAttributesBuilder;" line="259"><counter type="INSTRUCTION" missed="4" covered="0"/><counter type="LINE" missed="1" covered="0"/><counter type="COMPLEXITY" missed="1" covered="0"/><counter type="METHOD" missed="1" covered="0"/></method><counter type="INSTRUCTION" missed="4" covered="0"/><counter type="LINE" missed="1" covered="0"/><counter type="COMPLEXITY" missed="1" covered="0"/><counter type="METHOD" missed="1" covered="0"/><counter type="CLASS" missed="1" covered="0"/></class><class name="gov/va/api/lighthouse/facilities/api/v0/Facility$FacilityType" sourcefilename="Facility.java"><method name="&lt;clinit&gt;" desc="()V" line="54"><counter type="INSTRUCTION" missed="0" covered="27"/><counter type="LINE" missed="0" covered="5"/><counter type="COMPLEXITY" missed="0" covered="1"/><counter type="METHOD" missed="0" covered="1"/></method><counter type="INSTRUCTION" missed="0" covered="27"/><counter type="LINE" missed="0" covered="5"/><counter type="COMPLEXITY" missed="0" covered="1"/><counter type="METHOD" missed="0" covered="1"/><counter type="CLASS" missed="0" covered="1"/></class><class name="gov/va/api/lighthouse/facilities/api/v0/Facility$OtherService" sourcefilename="Facility.java"><method name="&lt;clinit&gt;" desc="()V" line="84"><counter type="INSTRUCTION" missed="0" covered="9"/><counter type="LINE" missed="0" covered="2"/><counter type="COMPLEXITY" missed="0" covered="1"/><counter type="METHOD" missed="0" covered="1"/></method><counter type="INSTRUCTION" missed="0" covered="9"/><counter type="LINE" missed="0" covered="2"/><counter type="COMPLEXITY" missed="0" covered="1"/><counter type="METHOD" missed="0" covered="1"/><counter type="CLASS" missed="0" covered="1"/></class><class name="gov/va/api/lighthouse/facilities/api/v0/Facility" sourcefilename="Facility.java"/><class name="gov/va/api/lighthouse/facilities/api/v0/GeoFacility$GeoFacilityBuilder" sourcefilename="GeoFacility.java"/><class name="gov/va/api/lighthouse/facilities/api/v0/NearbyResponse$Nearby$NearbyBuilder" sourcefilename="NearbyResponse.java"/><class name="gov/va/api/lighthouse/facilities/api/v0/FacilityReadResponse" sourcefilename="FacilityReadResponse.java"/><class name="gov/va/api/lighthouse/facilities/api/v0/GeoFacility$Properties$PropertiesBuilder" sourcefilename="GeoFacility.java"/><class name="gov/va/api/lighthouse/facilities/api/v0/NearbyResponse$Meta$MetaBuilder" sourcefilename="NearbyResponse.java"/><class name="gov/va/api/lighthouse/facilities/api/v0/GeoFacility$Properties" sourcefilename="GeoFacility.java"/><class name="gov/va/api/lighthouse/facilities/api/v0/Facility$OperatingStatusCode" sourcefilename="Facility.java"><method name="&lt;clinit&gt;" desc="()V" line="92"><counter type="INSTRUCTION" missed="0" covered="27"/><counter type="LINE" missed="0" covered="5"/><counter type="COMPLEXITY" missed="0" covered="1"/><counter type="METHOD" missed="0" covered="1"/></method><counter type="INSTRUCTION" missed="0" covered="27"/><counter type="LINE" missed="0" covered="5"/><counter type="COMPLEXITY" missed="0" covered="1"/><counter type="METHOD" missed="0" covered="1"/><counter type="CLASS" missed="0" covered="1"/></class><class name="gov/va/api/lighthouse/facilities/api/v0/NearbyResponse$Meta" sourcefilename="NearbyResponse.java"/><class name="gov/va/api/lighthouse/facilities/api/v0/Facility$Address$AddressBuilder" sourcefilename="Facility.java"/><class name="gov/va/api/lighthouse/facilities/api/v0/GeoFacility$GeometryType" sourcefilename="GeoFacility.java"><method name="&lt;clinit&gt;" desc="()V" line="32"><counter type="INSTRUCTION" missed="0" covered="9"/><counter type="LINE" missed="0" covered="2"/><counter type="COMPLEXITY" missed="0" covered="1"/><counter type="METHOD" missed="0" covered="1"/></method><counter type="INSTRUCTION" missed="0" covered="9"/><counter type="LINE" missed="0" covered="2"/><counter type="COMPLEXITY" missed="0" covered="1"/><counter type="METHOD" missed="0" covered="1"/><counter type="CLASS" missed="0" covered="1"/></class><class name="gov/va/api/lighthouse/facilities/api/v0/GeoFacility$Geometry" sourcefilename="GeoFacility.java"/><class name="gov/va/api/lighthouse/facilities/api/v0/FacilityReadResponse$FacilityReadResponseBuilder" sourcefilename="FacilityReadResponse.java"/><class name="gov/va/api/lighthouse/facilities/api/v0/GenericError$GenericErrorBuilder" sourcefilename="GenericError.java"/><class name="gov/va/api/lighthouse/facilities/api/v0/GeoFacility" sourcefilename="GeoFacility.java"/><class name="gov/va/api/lighthouse/facilities/api/v0/GeoFacility$Type" sourcefilename="GeoFacility.java"><method name="&lt;clinit&gt;" desc="()V" line="36"><counter type="INSTRUCTION" missed="0" covered="9"/><counter type="LINE" missed="0" covered="2"/><counter type="COMPLEXITY" missed="0" covered="1"/><counter type="METHOD" missed="0" covered="1"/></method><counter type="INSTRUCTION" missed="0" covered="9"/><counter type="LINE" missed="0" covered="2"/><counter type="COMPLEXITY" missed="0" covered="1"/><counter type="METHOD" missed="0" covered="1"/><counter type="CLASS" missed="0" covered="1"/></class><class name="gov/va/api/lighthouse/facilities/api/v0/ReloadResponse" sourcefilename="ReloadResponse.java"><method name="start" desc="()Lgov/va/api/lighthouse/facilities/api/v0/ReloadResponse;" line="37"><counter type="INSTRUCTION" missed="0" covered="32"/><counter type="LINE" missed="0" covered="9"/><counter type="COMPLEXITY" missed="0" covered="1"/><counter type="METHOD" missed="0" covered="1"/></method><counter type="INSTRUCTION" missed="0" covered="32"/><counter type="LINE" missed="0" covered="9"/><counter type="COMPLEXITY" missed="0" covered="1"/><counter type="METHOD" missed="0" covered="1"/><counter type="CLASS" missed="0" covered="1"/></class><class name="gov/va/api/lighthouse/facilities/api/v0/Facility$Services" sourcefilename="Facility.java"/><class name="gov/va/api/lighthouse/facilities/api/v0/ApiError$ApiErrorBuilder" sourcefilename="ApiError.java"/><class name="gov/va/api/lighthouse/facilities/api/v0/Facility$OperatingStatus" sourcefilename="Facility.java"/><class name="gov/va/api/lighthouse/facilities/api/v0/GeoFacilitiesResponse$GeoFacilitiesResponseBuilder" sourcefilename="GeoFacilitiesResponse.java"/><class name="gov/va/api/lighthouse/facilities/api/v0/GeoFacilityReadResponse$GeoFacilityReadResponseBuilder" sourcefilename="GeoFacilityReadResponse.java"/><class name="gov/va/api/lighthouse/facilities/api/v0/GeoFacilityReadResponse" sourcefilename="GeoFacilityReadResponse.java"><method name="of" desc="(Lgov/va/api/lighthouse/facilities/api/v0/GeoFacility;)Lgov/va/api/lighthouse/facilities/api/v0/GeoFacilityReadResponse;" line="24"><counter type="INSTRUCTION" missed="5" covered="14"/><counter type="BRANCH" missed="1" covered="1"/><counter type="LINE" missed="0" covered="6"/><counter type="COMPLEXITY" missed="1" covered="1"/><counter type="METHOD" missed="0" covered="1"/></method><counter type="INSTRUCTION" missed="5" covered="14"/><counter type="BRANCH" missed="1" covered="1"/><counter type="LINE" missed="0" covered="6"/><counter type="COMPLEXITY" missed="1" covered="1"/><counter type="METHOD" missed="0" covered="1"/><counter type="CLASS" missed="0" covered="1"/></class><class name="gov/va/api/lighthouse/facilities/api/v0/FacilitiesIdsResponse" sourcefilename="FacilitiesIdsResponse.java"/><class name="gov/va/api/lighthouse/facilities/api/v0/FacilitiesResponse$FacilitiesResponseBuilder" sourcefilename="FacilitiesResponse.java"/><class name="gov/va/api/lighthouse/facilities/api/v0/NearbyResponse$NearbyAttributes$NearbyAttributesBuilder" sourcefilename="NearbyResponse.java"/><class name="gov/va/api/lighthouse/facilities/api/v0/GeoFacilitiesResponse$Type" sourcefilename="GeoFacilitiesResponse.java"><method name="&lt;clinit&gt;" desc="()V" line="21"><counter type="INSTRUCTION" missed="0" covered="9"/><counter type="LINE" missed="0" covered="2"/><counter type="COMPLEXITY" missed="0" covered="1"/><counter type="METHOD" missed="0" covered="1"/></method><counter type="INSTRUCTION" missed="0" covered="9"/><counter type="LINE" missed="0" covered="2"/><counter type="COMPLEXITY" missed="0" covered="1"/><counter type="METHOD" missed="0" covered="1"/><counter type="CLASS" missed="0" covered="1"/></class><class name="gov/va/api/lighthouse/facilities/api/v0/Facility$Phone" sourcefilename="Facility.java"/><class name="gov/va/api/lighthouse/facilities/api/v0/Facility$BenefitsService" sourcefilename="Facility.java"><method name="&lt;clinit&gt;" desc="()V" line="35"><counter type="INSTRUCTION" missed="0" covered="99"/><counter type="LINE" missed="0" covered="17"/><counter type="COMPLEXITY" missed="0" covered="1"/><counter type="METHOD" missed="0" covered="1"/></method><counter type="INSTRUCTION" missed="0" covered="99"/><counter type="LINE" missed="0" covered="17"/><counter type="COMPLEXITY" missed="0" covered="1"/><counter type="METHOD" missed="0" covered="1"/><counter type="CLASS" missed="0" covered="1"/></class><class name="gov/va/api/lighthouse/facilities/api/v0/FacilitiesResponse$FacilitiesMetadata$FacilitiesMetadataBuilder" sourcefilename="FacilitiesResponse.java"/><sourcefile name="NearbyResponse.java"><line nr="23" mi="0" ci="3" mb="0" cb="0"/><line nr="24" mi="0" ci="6" mb="0" cb="0"/><counter type="INSTRUCTION" missed="0" covered="9"/><counter type="LINE" missed="0" covered="2"/><counter type="COMPLEXITY" missed="0" covered="1"/><counter type="METHOD" missed="0" covered="1"/><counter type="CLASS" missed="0" covered="1"/></sourcefile><sourcefile name="GeoFacility.java"><line nr="32" mi="0" ci="3" mb="0" cb="0"/><line nr="33" mi="0" ci="6" mb="0" cb="0"/><line nr="36" mi="0" ci="3" mb="0" cb="0"/><line nr="37" mi="0" ci="6" mb="0" cb="0"/><counter type="INSTRUCTION" missed="0" covered="18"/><counter type="LINE" missed="0" covered="4"/><counter type="COMPLEXITY" missed="0" covered="2"/><counter type="METHOD" missed="0" covered="2"/><counter type="CLASS" missed="0" covered="2"/></sourcefile><sourcefile name="GenericError.java"/><sourcefile name="FacilitiesResponse.java"/><sourcefile name="GeoFacilitiesResponse.java"><line nr="21" mi="0" ci="3" mb="0" cb="0"/><line nr="22" mi="0" ci="6" mb="0" cb="0"/><counter type="INSTRUCTION" missed="0" covered="9"/><counter type="LINE" missed="0" covered="2"/><counter type="COMPLEXITY" missed="0" covered="1"/><counter type="METHOD" missed="0" covered="1"/><counter type="CLASS" missed="0" covered="1"/></sourcefile><sourcefile name="FacilitiesIdsResponse.java"/><sourcefile name="PageLinks.java"/><sourcefile name="ApiError.java"/><sourcefile name="Facility.java"><line nr="30" mi="0" ci="3" mb="0" cb="0"/><line nr="31" mi="0" ci="6" mb="0" cb="0"/><line nr="32" mi="0" ci="6" mb="0" cb="0"/><line nr="35" mi="0" ci="3" mb="0" cb="0"/><line nr="36" mi="0" ci="6" mb="0" cb="0"/><line nr="37" mi="0" ci="6" mb="0" cb="0"/><line nr="38" mi="0" ci="6" mb="0" cb="0"/><line nr="39" mi="0" ci="6" mb="0" cb="0"/><line nr="40" mi="0" ci="6" mb="0" cb="0"/><line nr="41" mi="0" ci="6" mb="0" cb="0"/><line nr="42" mi="0" ci="6" mb="0" cb="0"/><line nr="43" mi="0" ci="6" mb="0" cb="0"/><line nr="44" mi="0" ci="6" mb="0" cb="0"/><line nr="45" mi="0" ci="6" mb="0" cb="0"/><line nr="46" mi="0" ci="6" mb="0" cb="0"/><line nr="47" mi="0" ci="6" mb="0" cb="0"/><line nr="48" mi="0" ci="6" mb="0" cb="0"/><line nr="49" mi="0" ci="6" mb="0" cb="0"/><line nr="50" mi="0" ci="6" mb="0" cb="0"/><line nr="51" mi="0" ci="6" mb="0" cb="0"/><line nr="54" mi="0" ci="3" mb="0" cb="0"/><line nr="55" mi="0" ci="6" mb="0" cb="0"/><line nr="56" mi="0" ci="6" mb="0" cb="0"/><line nr="57" mi="0" ci="6" mb="0" cb="0"/><line nr="58" mi="0" ci="6" mb="0" cb="0"/><line nr="61" mi="0" ci="3" mb="0" cb="0"/><line nr="62" mi="0" ci="6" mb="0" cb="0"/><line nr="63" mi="0" ci="6" mb="0" cb="0"/><line nr="64" mi="0" ci="6" mb="0" cb="0"/><line nr="65" mi="0" ci="6" mb="0" cb="0"/><line nr="66" mi="0" ci="6" mb="0" cb="0"/><line nr="67" mi="0" ci="6" mb="0" cb="0"/><line nr="68" mi="0" ci="6" mb="0" cb="0"/><line nr="69" mi="0" ci="6" mb="0" cb="0"/><line nr="70" mi="0" ci="6" mb="0" cb="0"/><line nr="71" mi="0" ci="6" mb="0" cb="0"/><line nr="72" mi="0" ci="6" mb="0" cb="0"/><line nr="73" mi="0" ci="6" mb="0" cb="0"/><line nr="74" mi="0" ci="6" mb="0" cb="0"/><line nr="75" mi="0" ci="6" mb="0" cb="0"/><line nr="76" mi="0" ci="6" mb="0" cb="0"/><line nr="77" mi="0" ci="6" mb="0" cb="0"/><line nr="78" mi="0" ci="6" mb="0" cb="0"/><line nr="79" mi="0" ci="6" mb="0" cb="0"/><line nr="80" mi="0" ci="6" mb="0" cb="0"/><line nr="81" mi="0" ci="6" mb="0" cb="0"/><line nr="84" mi="0" ci="3" mb="0" cb="0"/><line nr="85" mi="0" ci="6" mb="0" cb="0"/><line nr="88" mi="0" ci="3" mb="0" cb="0"/><line nr="89" mi="0" ci="6" mb="0" cb="0"/><line nr="92" mi="0" ci="3" mb="0" cb="0"/><line nr="93" mi="0" ci="6" mb="0" cb="0"/><line nr="94" mi="0" ci="6" mb="0" cb="0"/><line nr="95" mi="0" ci="6" mb="0" cb="0"/><line nr="96" mi="0" ci="6" mb="0" cb="0"/><line nr="259" mi="4" ci="0" mb="0" cb="0"/><line nr="298" mi="0" ci="4" mb="0" cb="0"/><line nr="303" mi="0" ci="4" mb="0" cb="0"/><line nr="308" mi="0" ci="4" mb="0" cb="0"/><line nr="313" mi="0" ci="4" mb="0" cb="0"/><line nr="318" mi="0" ci="4" mb="0" cb="0"/><line nr="323" mi="0" ci="4" mb="0" cb="0"/><line nr="328" mi="0" ci="4" mb="0" cb="0"/><counter type="INSTRUCTION" missed="4" covered="337"/><counter type="LINE" missed="1" covered="62"/><counter type="COMPLEXITY" missed="1" covered="14"/><counter type="METHOD" missed="1" covered="14"/><counter type="CLASS" missed="1" covered="8"/></sourcefile><sourcefile name="GeoFacilityReadResponse.java"><line nr="24" mi="5" ci="2" mb="1" cb="1"/><line nr="25" mi="0" ci="3" mb="0" cb="0"/><line nr="26" mi="0" ci="3" mb="0" cb="0"/><line nr="27" mi="0" ci="3" mb="0" cb="0"/><line nr="28" mi="0" ci="2" mb="0" cb="0"/><line nr="29" mi="0" ci="1" mb="0" cb="0"/><counter type="INSTRUCTION" missed="5" covered="14"/><counter type="BRANCH" missed="1" covered="1"/><counter type="LINE" missed="0" covered="6"/><counter type="COMPLEXITY" missed="1" covered="1"/><counter type="METHOD" missed="0" covered="1"/><counter type="CLASS" missed="0" covered="1"/></sourcefile><sourcefile name="Pagination.java"/><sourcefile name="ReloadResponse.java"><line nr="37" mi="0" ci="2" mb="0" cb="0"/><line nr="38" mi="0" ci="8" mb="0" cb="0"/><line nr="39" mi="0" ci="4" mb="0" cb="0"/><line nr="40" mi="0" ci="4" mb="0" cb="0"/><line nr="41" mi="0" ci="4" mb="0" cb="0"/><line nr="42" mi="0" ci="4" mb="0" cb="0"/><line nr="43" mi="0" ci="4" mb="0" cb="0"/><line nr="44" mi="0" ci="1" mb="0" cb="0"/><line nr="45" mi="0" ci="1" mb="0" cb="0"/><line nr="77" mi="0" ci="3" mb="0" cb="0"/><line nr="78" mi="0" ci="7" mb="0" cb="0"/><line nr="79" mi="0" ci="1" mb="0" cb="0"/><line nr="83" mi="0" ci="3" mb="0" cb="0"/><line nr="84" mi="0" ci="1" mb="0" cb="0"/><counter type="INSTRUCTION" missed="0" covered="47"/><counter type="LINE" missed="0" covered="14"/><counter type="COMPLEXITY" missed="0" covered="3"/><counter type="METHOD" missed="0" covered="3"/><counter type="CLASS" missed="0" covered="2"/></sourcefile><sourcefile name="FacilityReadResponse.java"/><counter type="INSTRUCTION" missed="9" covered="434"/><counter type="BRANCH" missed="1" covered="1"/><counter type="LINE" missed="1" covered="90"/><counter type="COMPLEXITY" missed="2" covered="22"/><counter type="METHOD" missed="1" covered="22"/><counter type="CLASS" missed="1" covered="15"/></package><package name="gov/va/api/lighthouse/facilities/api"><class name="gov/va/api/lighthouse/facilities/api/FacilitiesService" sourcefilename="FacilitiesService.java"/><class name="gov/va/api/lighthouse/facilities/api/FacilitiesAllApi" sourcefilename="FacilitiesAllApi.java"/><class name="gov/va/api/lighthouse/facilities/api/FacilitiesSearchApi" sourcefilename="FacilitiesSearchApi.java"/><class name="gov/va/api/lighthouse/facilities/api/FacilitiesIdsApi" sourcefilename="FacilitiesIdsApi.java"/><class name="gov/va/api/lighthouse/facilities/api/FacilitiesNearbyApi" sourcefilename="FacilitiesNearbyApi.java"/><class name="gov/va/api/lighthouse/facilities/api/FacilitiesReadApi" sourcefilename="FacilitiesReadApi.java"/><sourcefile name="FacilitiesService.java"/><sourcefile name="FacilitiesNearbyApi.java"/><sourcefile name="FacilitiesSearchApi.java"/><sourcefile name="FacilitiesAllApi.java"/><sourcefile name="FacilitiesIdsApi.java"/><sourcefile name="FacilitiesReadApi.java"/></package><counter type="INSTRUCTION" missed="40" covered="717"/><counter type="BRANCH" missed="9" covered="15"/><counter type="LINE" missed="5" covered="157"/><counter type="COMPLEXITY" missed="11" covered="42"/><counter type="METHOD" missed="2" covered="39"/><counter type="CLASS" missed="2" covered="17"/></report>