<?xml version="1.0" encoding="UTF-8"?>
<testsuite xmlns:xsi="http://www.w3.org/2001/XMLSchema-instance" xsi:noNamespaceSchemaLocation="https://maven.apache.org/surefire/maven-surefire-plugin/xsd/surefire-test-report.xsd" name="gov.va.api.lighthouse.facilities.collector.StateCemeteriesCollectorTest" time="0.398" tests="2" errors="0" skipped="0" failures="0">
  <properties>
[...]
</properties>
  <testcase name="collect" classname="gov.va.api.lighthouse.facilities.collector.StateCemeteriesCollectorTest" time="0.396"/>
  <testcase name="exception" classname="gov.va.api.lighthouse.facilities.collector.StateCemeteriesCollectorTest" time="0.002"/>
</testsuite>